\BOOKMARK [1][-]{section.1}{\376\377\000I\000n\000t\000r\000o\000d\000u\000c\000t\000i\000o\000n}{}% 1
\BOOKMARK [2][-]{subsection.1.1}{\376\377\000B\000a\000c\000k\000g\000r\000o\000u\000n\000d}{section.1}% 2
\BOOKMARK [3][-]{subsubsection.1.1.1}{\376\377\000T\000h\000e\000\040\000M\000a\000c\000h\000i\000n\000e\000\040\000L\000e\000a\000r\000n\000i\000n\000g\000\040\000L\000i\000f\000e\000c\000y\000c\000l\000e}{subsection.1.1}% 3
\BOOKMARK [3][-]{subsubsection.1.1.2}{\376\377\000E\000x\000p\000e\000r\000i\000m\000e\000n\000t\000\040\000T\000r\000a\000c\000k\000i\000n\000g}{subsection.1.1}% 4
\BOOKMARK [1][-]{section.2}{\376\377\000A\000i\000m\000s}{}% 5
\BOOKMARK [1][-]{section.3}{\376\377\000R\000e\000l\000a\000t\000e\000d\000\040\000W\000o\000r\000k\000:}{}% 6
\BOOKMARK [2][-]{subsection.3.1}{\376\377\000A\000m\000a\000z\000o\000n\000\040\000S\000a\000g\000e\000M\000a\000k\000e\000r\000\040\000\050\000A\000W\000S\000\051}{section.3}% 7
\BOOKMARK [2][-]{subsection.3.2}{\376\377\000S\000i\000m\000i\000l\000a\000r\000i\000t\000i\000e\000s}{section.3}% 8
\BOOKMARK [2][-]{subsection.3.3}{\376\377\000D\000i\000f\000f\000e\000r\000e\000n\000c\000e\000s\000\040\000a\000n\000d\000\040\000E\000x\000t\000r\000a\000\040\000F\000e\000a\000t\000u\000r\000e\000s\000\040\000i\000n\000\040\000o\000u\000r\000\040\000P\000r\000o\000j\000e\000c\000t\000:}{section.3}% 9
\BOOKMARK [2][-]{subsection.3.4}{\376\377\000C\000o\000n\000c\000l\000u\000s\000i\000o\000n}{section.3}% 10
\BOOKMARK [1][-]{section.4}{\376\377\000M\000e\000t\000h\000o\000d\000o\000l\000o\000g\000y}{}% 11
\BOOKMARK [2][-]{subsection.4.1}{\376\377\000T\000e\000c\000h\000n\000i\000c\000a\000l\000\040\000I\000m\000p\000l\000e\000m\000e\000n\000t\000a\000t\000i\000o\000n\000\040\000P\000l\000a\000n}{section.4}% 12
\BOOKMARK [3][-]{subsubsection.4.1.1}{\376\377\000S\000y\000s\000t\000e\000m\000\040\000A\000r\000c\000h\000i\000t\000e\000c\000t\000u\000r\000e\000\040\000D\000e\000s\000i\000g\000n}{subsection.4.1}% 13
\BOOKMARK [3][-]{subsubsection.4.1.2}{\376\377\000A\000P\000I\000\040\000D\000e\000v\000e\000l\000o\000p\000m\000e\000n\000t\000\040\000a\000n\000d\000\040\000I\000n\000t\000e\000g\000r\000a\000t\000i\000o\000n}{subsection.4.1}% 14
\BOOKMARK [3][-]{subsubsection.4.1.3}{\376\377\000D\000a\000t\000a\000\040\000M\000a\000n\000a\000g\000e\000m\000e\000n\000t\000\040\000a\000n\000d\000\040\000S\000t\000o\000r\000a\000g\000e}{subsection.4.1}% 15
\BOOKMARK [3][-]{subsubsection.4.1.4}{\376\377\000U\000s\000e\000r\000\040\000A\000u\000t\000h\000e\000n\000t\000i\000c\000a\000t\000i\000o\000n\000\040\000a\000n\000d\000\040\000D\000a\000t\000a\000\040\000S\000e\000c\000u\000r\000i\000t\000y}{subsection.4.1}% 16
\BOOKMARK [3][-]{subsubsection.4.1.5}{\376\377\000F\000r\000o\000n\000t\000-\000E\000n\000d\000\040\000D\000e\000v\000e\000l\000o\000p\000m\000e\000n\000t}{subsection.4.1}% 17
\BOOKMARK [3][-]{subsubsection.4.1.6}{\376\377\000P\000e\000r\000f\000o\000r\000m\000a\000n\000c\000e\000\040\000a\000n\000d\000\040\000R\000e\000s\000o\000u\000r\000c\000e\000\040\000M\000o\000n\000i\000t\000o\000r\000i\000n\000g}{subsection.4.1}% 18
\BOOKMARK [3][-]{subsubsection.4.1.7}{\376\377\000C\000o\000l\000l\000a\000b\000o\000r\000a\000t\000i\000o\000n\000\040\000F\000e\000a\000t\000u\000r\000e\000s\000\040\000a\000n\000d\000\040\000D\000a\000t\000a\000\040\000S\000h\000a\000r\000i\000n\000g}{subsection.4.1}% 19
\BOOKMARK [3][-]{subsubsection.4.1.8}{\376\377\000D\000e\000p\000l\000o\000y\000m\000e\000n\000t\000\040\000P\000l\000a\000n}{subsection.4.1}% 20
\BOOKMARK [2][-]{subsection.4.2}{\376\377\000P\000r\000o\000j\000e\000c\000t\000\040\000C\000h\000a\000l\000l\000e\000n\000g\000e\000s}{section.4}% 21
\BOOKMARK [3][-]{subsubsection.4.2.1}{\376\377\000S\000c\000a\000l\000a\000b\000i\000l\000i\000t\000y\000\040\000o\000f\000\040\000t\000h\000e\000\040\000s\000y\000s\000t\000e\000m}{subsection.4.2}% 22
\BOOKMARK [3][-]{subsubsection.4.2.2}{\376\377\000R\000e\000a\000l\000-\000t\000i\000m\000e\000\040\000p\000e\000r\000f\000o\000r\000m\000a\000n\000c\000e\000\040\000t\000r\000a\000c\000k\000i\000n\000g}{subsection.4.2}% 23
\BOOKMARK [3][-]{subsubsection.4.2.3}{\376\377\000D\000a\000t\000a\000\040\000s\000e\000c\000u\000r\000i\000t\000y\000\040\000a\000n\000d\000\040\000p\000r\000i\000v\000a\000c\000y}{subsection.4.2}% 24
\BOOKMARK [3][-]{subsubsection.4.2.4}{\376\377\000I\000n\000t\000e\000g\000r\000a\000t\000i\000o\000n\000\040\000w\000i\000t\000h\000\040\000e\000x\000i\000s\000t\000i\000n\000g\000\040\000w\000o\000r\000k\000f\000l\000o\000w\000s}{subsection.4.2}% 25
\BOOKMARK [3][-]{subsubsection.4.2.5}{\376\377\000R\000e\000s\000o\000u\000r\000c\000e\000\040\000o\000p\000t\000i\000m\000i\000z\000a\000t\000i\000o\000n}{subsection.4.2}% 26
\BOOKMARK [3][-]{subsubsection.4.2.6}{\376\377\000C\000u\000s\000t\000o\000m\000i\000z\000a\000b\000l\000e\000\040\000u\000s\000e\000r\000\040\000i\000n\000t\000e\000r\000f\000a\000c\000e}{subsection.4.2}% 27
\BOOKMARK [3][-]{subsubsection.4.2.7}{\376\377\000T\000e\000a\000m\000w\000o\000r\000k\000\040\000a\000n\000d\000\040\000d\000a\000t\000a\000\040\000s\000h\000a\000r\000i\000n\000g}{subsection.4.2}% 28
\BOOKMARK [1][-]{section.5}{\376\377\000P\000r\000o\000j\000e\000c\000t\000\040\000T\000e\000a\000m}{}% 29
\BOOKMARK [1][-]{section.6}{\376\377\000P\000l\000a\000n\000\040\000a\000n\000d\000\040\000T\000i\000m\000e\000l\000i\000n\000e}{}% 30
\BOOKMARK [2][-]{subsection.6.1}{\376\377\000W\000o\000r\000k\000\040\000B\000r\000e\000a\000k\000d\000o\000w\000n\000\040\000S\000t\000r\000u\000c\000t\000u\000r\000e\000\040\000\050\000W\000B\000S\000\051}{section.6}% 31
\BOOKMARK [1][-]{section.7}{\376\377\000O\000u\000t\000c\000o\000m\000e\000s}{}% 32
